<?xml version="1.0" encoding="UTF-8"?>
<testng-results skipped="0" failed="0" ignored="0" total="1" passed="1">
  <reporter-output>
  </reporter-output>
  <suite name="Suite" duration-ms="15745" started-at="2018-03-09T01:25:37Z" finished-at="2018-03-09T01:25:53Z">
    <groups>
    </groups>
    <test name="Test" duration-ms="15745" started-at="2018-03-09T01:25:37Z" finished-at="2018-03-09T01:25:53Z">
      <class name="test_scripts.Login_open">
        <test-method status="PASS" signature="open()[pri:0, instance:test_scripts.Login_open@12cbfa]" name="open" duration-ms="15714" started-at="2018-03-09T06:55:37Z" finished-at="2018-03-09T06:55:53Z">
          <reporter-output>
          </reporter-output>
        </test-method> <!-- open -->
      </class> <!-- test_scripts.Login_open -->
    </test> <!-- Test -->
  </suite> <!-- Suite -->
</testng-results>
